Added Component: Designator=C1(RAD-0.3)
Added Component: Designator=C2(RAD-0.3)
Added Component: Designator=C3(RAD-0.3)
Added Component: Designator=C4(RAD-0.3)
Added Component: Designator=CD4504BE(HDR2X8_CEN)
Added Component: Designator=DS1(OLED 16x2)
Added Component: Designator=ESP8266(HDR2X4)
Added Component: Designator=L7805(ISOWATT220AB)
Added Component: Designator=LD1117(HDR1X3)
Added Component: Designator=Power Supplpy(HDR1X2)
Added Component: Designator=R1(VR5)
Added Component: Designator=U1(40P6)
Added Component: Designator=U2(XBEE/PRO)
Added Pin To Net: NetName=3.3V Pin=C1-2
Added Pin To Net: NetName=3.3V Pin=CD4504BE-9
Added Pin To Net: NetName=3.3V Pin=ESP8266-3
Added Pin To Net: NetName=3.3V Pin=ESP8266-7
Added Pin To Net: NetName=3.3V Pin=LD1117-2
Added Pin To Net: NetName=3.3V Pin=U2-1
Added Net: Name=3.3V
Added Pin To Net: NetName=GND Pin=C1-1
Added Pin To Net: NetName=GND Pin=C2-2
Added Pin To Net: NetName=GND Pin=C3-1
Added Pin To Net: NetName=GND Pin=C4-1
Added Pin To Net: NetName=GND Pin=CD4504BE-8
Added Pin To Net: NetName=GND Pin=CD4504BE-12
Added Pin To Net: NetName=GND Pin=DS1-1
Added Pin To Net: NetName=GND Pin=DS1-5
Added Pin To Net: NetName=GND Pin=DS1-7
Added Pin To Net: NetName=GND Pin=DS1-8
Added Pin To Net: NetName=GND Pin=DS1-9
Added Pin To Net: NetName=GND Pin=DS1-10
Added Pin To Net: NetName=GND Pin=ESP8266-2
Added Pin To Net: NetName=GND Pin=L7805-3
Added Pin To Net: NetName=GND Pin=LD1117-1
Added Pin To Net: NetName=GND Pin=Power Supplpy-2
Added Pin To Net: NetName=GND Pin=R1-2
Added Pin To Net: NetName=GND Pin=U1-11
Added Pin To Net: NetName=GND Pin=U1-31
Added Pin To Net: NetName=GND Pin=U2-10
Added Net: Name=GND
Added Pin To Net: NetName=NetDS1_3 Pin=DS1-3
Added Pin To Net: NetName=NetDS1_3 Pin=R1-3
Added Net: Name=NetDS1_3
Added Pin To Net: NetName=PA0 Pin=DS1-14
Added Pin To Net: NetName=PA0 Pin=U1-40
Added Net: Name=PA0
Added Pin To Net: NetName=PA1 Pin=DS1-13
Added Pin To Net: NetName=PA1 Pin=U1-39
Added Net: Name=PA1
Added Pin To Net: NetName=PA2 Pin=DS1-12
Added Pin To Net: NetName=PA2 Pin=U1-38
Added Net: Name=PA2
Added Pin To Net: NetName=PA3 Pin=DS1-11
Added Pin To Net: NetName=PA3 Pin=U1-37
Added Net: Name=PA3
Added Pin To Net: NetName=PA4 Pin=DS1-6
Added Pin To Net: NetName=PA4 Pin=U1-36
Added Net: Name=PA4
Added Pin To Net: NetName=PA5 Pin=DS1-4
Added Pin To Net: NetName=PA5 Pin=U1-35
Added Net: Name=PA5
Added Pin To Net: NetName=RXD0 Pin=U1-14
Added Pin To Net: NetName=RXD0 Pin=U2-2
Added Net: Name=RXD0
Added Pin To Net: NetName=RXD1 Pin=ESP8266-1
Added Pin To Net: NetName=RXD1 Pin=U1-15
Added Net: Name=RXD1
Added Pin To Net: NetName=TXD1OUT Pin=CD4504BE-2
Added Pin To Net: NetName=TXD1OUT Pin=ESP8266-8
Added Net: Name=TXD1OUT
Added Pin To Net: NetName=TXD1 Pin=CD4504BE-3
Added Pin To Net: NetName=TXD1 Pin=U1-16
Added Net: Name=TXD1
Added Pin To Net: NetName=VCC Pin=C2-1
Added Pin To Net: NetName=VCC Pin=C4-2
Added Pin To Net: NetName=VCC Pin=CD4504BE-1
Added Pin To Net: NetName=VCC Pin=DS1-2
Added Pin To Net: NetName=VCC Pin=L7805-2
Added Pin To Net: NetName=VCC Pin=LD1117-3
Added Pin To Net: NetName=VCC Pin=R1-1
Added Pin To Net: NetName=VCC Pin=U1-10
Added Pin To Net: NetName=VCC Pin=U1-30
Added Pin To Net: NetName=VCC Pin=U1-32
Added Net: Name=VCC
Added Pin To Net: NetName=VIN Pin=C3-2
Added Pin To Net: NetName=VIN Pin=L7805-1
Added Pin To Net: NetName=VIN Pin=Power Supplpy-1
Added Net: Name=VIN
Added Class: Name=Main Board
Added Room: Name=Main Board
