Change Component Designator: OldDesignator=1 NewDesignator=ID-12LA - 2
Change Component Designator: OldDesignator=P2 NewDesignator=PA/PC
Change Component Designator: OldDesignator=P3 NewDesignator=PB/PD
Change Net Name : Old Net Name=NetP2_1 New Net Name=NetPA/PC_1
Change Net Name : Old Net Name=NetP2_2 New Net Name=NetPA/PC_2
Change Net Name : Old Net Name=NetP2_3 New Net Name=NetPA/PC_3
Change Net Name : Old Net Name=NetP2_4 New Net Name=NetPA/PC_4
Change Net Name : Old Net Name=NetP2_5 New Net Name=NetPA/PC_5
Change Net Name : Old Net Name=NetP2_6 New Net Name=NetPA/PC_6
Change Net Name : Old Net Name=NetP2_7 New Net Name=NetPA/PC_7
Change Net Name : Old Net Name=NetP2_8 New Net Name=NetPA/PC_8
Change Net Name : Old Net Name=NetP2_9 New Net Name=NetPA/PC_9
Change Net Name : Old Net Name=NetP2_10 New Net Name=NetPA/PC_10
Change Net Name : Old Net Name=NetP3_2 New Net Name=NetPB/PD_2
Change Net Name : Old Net Name=NetP3_3 New Net Name=NetPB/PD_3
Change Net Name : Old Net Name=NetP3_4 New Net Name=NetPB/PD_4
Change Net Name : Old Net Name=NetP3_5 New Net Name=NetPB/PD_5
Change Net Name : Old Net Name=NetP3_6 New Net Name=NetPB/PD_6
Change Net Name : Old Net Name=NetP3_9 New Net Name=NetPB/PD_9
Change Net Name : Old Net Name=NetP3_10 New Net Name=NetPB/PD_10
Change Net Name : Old Net Name=NetP3_11 New Net Name=NetPB/PD_11
Change Net Name : Old Net Name=NetP3_12 New Net Name=NetPB/PD_12
Change Net Name : Old Net Name=NetP3_14 New Net Name=NetPB/PD_14
Change Net Name : Old Net Name=NetP3_15 New Net Name=NetPB/PD_15
Change Net Name : Old Net Name=NetP3_16 New Net Name=NetPB/PD_16
Added Room: Name=RF main board
