Removed Pin From Net: NetName=125K HZ Pin=PB/PD-1
Removed Pin From Net: NetName=TXD0 Pin=PB/PD-7
Removed Pin From Net: NetName=RXD0 Pin=PB/PD-8
Removed Pin From Net: NetName=OCOA Pin=PB/PD-13
Removed Member From Class: ClassName=RF main board Member=PA/PC
Removed Member From Class: ClassName=RF main board Member=PB/PD
Added Component: Designator=P2(HDR1X20)
Added Component: Designator=P3(HDR1X20)
Added Pin To Net: NetName=125K HZ Pin=P2-20
Added Pin To Net: NetName=TXD0 Pin=P3-6
Added Pin To Net: NetName=RXD0 Pin=P3-7
Added Pin To Net: NetName=OCOA Pin=P3-17
Added Pin To Net: NetName=NetP2_7 Pin=P2-7
Added Pin To Net: NetName=NetP2_7 Pin=U1-34
Added Net: Name=NetP2_7
Added Pin To Net: NetName=NetP2_8 Pin=P2-8
Added Pin To Net: NetName=NetP2_8 Pin=U1-33
Added Net: Name=NetP2_8
Added Pin To Net: NetName=NetP2_17 Pin=P2-17
Added Pin To Net: NetName=NetP2_17 Pin=U1-24
Added Net: Name=NetP2_17
Added Pin To Net: NetName=NetP2_18 Pin=P2-18
Added Pin To Net: NetName=NetP2_18 Pin=U1-23
Added Net: Name=NetP2_18
Added Pin To Net: NetName=NetP2_19 Pin=P2-19
Added Pin To Net: NetName=NetP2_19 Pin=U1-22
Added Net: Name=NetP2_19
Added Pin To Net: NetName=NetP3_1 Pin=P3-1
Added Pin To Net: NetName=NetP3_1 Pin=U1-20
Added Net: Name=NetP3_1
Added Pin To Net: NetName=NetP3_2 Pin=P3-2
Added Pin To Net: NetName=NetP3_2 Pin=U1-19
Added Net: Name=NetP3_2
Added Pin To Net: NetName=NetP3_3 Pin=P3-3
Added Pin To Net: NetName=NetP3_3 Pin=U1-18
Added Net: Name=NetP3_3
Added Pin To Net: NetName=NetP3_4 Pin=P3-4
Added Pin To Net: NetName=NetP3_4 Pin=U1-17
Added Net: Name=NetP3_4
Added Pin To Net: NetName=NetP3_5 Pin=P3-5
Added Pin To Net: NetName=NetP3_5 Pin=U1-16
Added Net: Name=NetP3_5
Added Pin To Net: NetName=NetP3_13 Pin=P3-13
Added Pin To Net: NetName=NetP3_13 Pin=U1-8
Added Net: Name=NetP3_13
Added Pin To Net: NetName=NetP3_14 Pin=P3-14
Added Pin To Net: NetName=NetP3_14 Pin=U1-7
Added Net: Name=NetP3_14
Added Pin To Net: NetName=NetP3_15 Pin=P3-15
Added Pin To Net: NetName=NetP3_15 Pin=U1-6
Added Net: Name=NetP3_15
Added Pin To Net: NetName=NetP3_16 Pin=P3-16
Added Pin To Net: NetName=NetP3_16 Pin=U1-5
Added Net: Name=NetP3_16
Added Pin To Net: NetName=NetP3_18 Pin=P3-18
Added Pin To Net: NetName=NetP3_18 Pin=U1-3
Added Net: Name=NetP3_18
Added Pin To Net: NetName=NetP3_19 Pin=P3-19
Added Pin To Net: NetName=NetP3_19 Pin=U1-2
Added Net: Name=NetP3_19
Added Pin To Net: NetName=NetP3_20 Pin=P3-20
Added Pin To Net: NetName=NetP3_20 Pin=U1-1
Added Net: Name=NetP3_20
Added Pin To Net: NetName=PC3 Pin=P2-16
Added Pin To Net: NetName=PC3 Pin=U1-25
Added Net: Name=PC3
Added Pin To Net: NetName=PC4 Pin=P2-15
Added Pin To Net: NetName=PC4 Pin=U1-26
Added Net: Name=PC4
Added Pin To Net: NetName=PC5 Pin=P2-14
Added Pin To Net: NetName=PC5 Pin=U1-27
Added Net: Name=PC5
Added Pin To Net: NetName=PC6 Pin=P2-13
Added Pin To Net: NetName=PC6 Pin=U1-28
Added Net: Name=PC6
Added Pin To Net: NetName=PC7 Pin=P2-12
Added Pin To Net: NetName=PC7 Pin=U1-29
Added Net: Name=PC7
Added Member To Class: ClassName=RF main board Member=Component P2 Header 20
Added Member To Class: ClassName=RF main board Member=Component P3 Header 20
Added Room: Name=RF main board
